# JRE version: Java(TM) SE Runtime Environment (8.0_51-b16) (build 1.8.0_51-b16)
# Java VM: Java HotSpot(TM) 64-Bit Server VM (25.51-b03 mixed mode windows-amd64 compressed oops)
Heap:
 par new generation   total 17216K, used 11140K [0x0000000723600000, 0x00000007248a0000, 0x00000007382c0000)
  eden space 15360K,  69% used [0x0000000723600000, 0x000000072405b888, 0x0000000724500000)
  from space 1856K,  28% used [0x00000007246d0000, 0x0000000724755ac0, 0x00000007248a0000)
  to   space 1856K,   0% used [0x0000000724500000, 0x0000000724500000, 0x00000007246d0000)
 concurrent mark-sweep generation total 2184900K, used 1519434K [0x00000007382c0000, 0x00000007bd871000, 0x00000007c0000000)
 Metaspace       used 173547K, capacity 199503K, committed 199592K, reserved 1212416K
  class space    used 28670K, capacity 35768K, committed 35788K, reserved 1048576K
GC Heap History (10 events):
Event: 924.690 GC heap before
{Heap before GC invocations=7144 (full 33):
 par new generation   total 17216K, used 15999K [0x0000000723600000, 0x00000007248a0000, 0x00000007382c0000)
  eden space 15360K, 100% used [0x0000000723600000, 0x0000000724500000, 0x0000000724500000)
  from space 1856K,  34% used [0x0000000724500000, 0x000000072459ffb0, 0x00000007246d0000)
  to   space 1856K,   0% used [0x00000007246d0000, 0x00000007246d0000, 0x00000007248a0000)
 concurrent mark-sweep generation total 2184900K, used 1519173K [0x00000007382c0000, 0x00000007bd871000, 0x00000007c0000000)
 Metaspace       used 172981K, capacity 198849K, committed 199080K, reserved 1212416K
  class space    used 28658K, capacity 35747K, committed 35788K, reserved 1048576K
Event: 924.700 GC heap after
Heap after GC invocations=7145 (full 33):
 par new generation   total 17216K, used 356K [0x0000000723600000, 0x00000007248a0000, 0x00000007382c0000)
  eden space 15360K,   0% used [0x0000000723600000, 0x0000000723600000, 0x0000000724500000)
  from space 1856K,  19% used [0x00000007246d0000, 0x00000007247291b0, 0x00000007248a0000)
  to   space 1856K,   0% used [0x0000000724500000, 0x0000000724500000, 0x00000007246d0000)
 concurrent mark-sweep generation total 2184900K, used 1519173K [0x00000007382c0000, 0x00000007bd871000, 0x00000007c0000000)
 Metaspace       used 172981K, capacity 198849K, committed 199080K, reserved 1212416K
  class space    used 28658K, capacity 35747K, committed 35788K, reserved 1048576K
}
Event: 925.729 GC heap before
{Heap before GC invocations=7145 (full 33):
 par new generation   total 17216K, used 15716K [0x0000000723600000, 0x00000007248a0000, 0x00000007382c0000)
  eden space 15360K, 100% used [0x0000000723600000, 0x0000000724500000, 0x0000000724500000)
  from space 1856K,  19% used [0x00000007246d0000, 0x00000007247291b0, 0x00000007248a0000)
  to   space 1856K,   0% used [0x0000000724500000, 0x0000000724500000, 0x00000007246d0000)
 concurrent mark-sweep generation total 2184900K, used 1519173K [0x00000007382c0000, 0x00000007bd871000, 0x00000007c0000000)
 Metaspace       used 173230K, capacity 199191K, committed 199336K, reserved 1212416K
  class space    used 28670K, capacity 35768K, committed 35788K, reserved 1048576K
Event: 925.742 GC heap after
Heap after GC invocations=7146 (full 33):
 par new generation   total 17216K, used 433K [0x0000000723600000, 0x00000007248a0000, 0x00000007382c0000)
  eden space 15360K,   0% used [0x0000000723600000, 0x0000000723600000, 0x0000000724500000)
  from space 1856K,  23% used [0x0000000724500000, 0x000000072456c740, 0x00000007246d0000)
  to   space 1856K,   0% used [0x00000007246d0000, 0x00000007246d0000, 0x00000007248a0000)
 concurrent mark-sweep generation total 2184900K, used 1519173K [0x00000007382c0000, 0x00000007bd871000, 0x00000007c0000000)
 Metaspace       used 173230K, capacity 199191K, committed 199336K, reserved 1212416K
  class space    used 28670K, capacity 35768K, committed 35788K, reserved 1048576K
}
Event: 926.763 GC heap before
{Heap before GC invocations=7146 (full 33):
 par new generation   total 17216K, used 15793K [0x0000000723600000, 0x00000007248a0000, 0x00000007382c0000)
  eden space 15360K, 100% used [0x0000000723600000, 0x0000000724500000, 0x0000000724500000)
  from space 1856K,  23% used [0x0000000724500000, 0x000000072456c740, 0x00000007246d0000)
  to   space 1856K,   0% used [0x00000007246d0000, 0x00000007246d0000, 0x00000007248a0000)
 concurrent mark-sweep generation total 2184900K, used 1519173K [0x00000007382c0000, 0x00000007bd871000, 0x00000007c0000000)
 Metaspace       used 173407K, capacity 199339K, committed 199592K, reserved 1212416K
  class space    used 28670K, capacity 35768K, committed 35788K, reserved 1048576K
Event: 926.775 GC heap after
Heap after GC invocations=7147 (full 33):
 par new generation   total 17216K, used 371K [0x0000000723600000, 0x00000007248a0000, 0x00000007382c0000)
  eden space 15360K,   0% used [0x0000000723600000, 0x0000000723600000, 0x0000000724500000)
  from space 1856K,  19% used [0x00000007246d0000, 0x000000072472cc80, 0x00000007248a0000)
  to   space 1856K,   0% used [0x0000000724500000, 0x0000000724500000, 0x00000007246d0000)
 concurrent mark-sweep generation total 2184900K, used 1519173K [0x00000007382c0000, 0x00000007bd871000, 0x00000007c0000000)
 Metaspace       used 173407K, capacity 199339K, committed 199592K, reserved 1212416K
  class space    used 28670K, capacity 35768K, committed 35788K, reserved 1048576K
}
Event: 927.240 GC heap before
{Heap before GC invocations=7147 (full 33):
 par new generation   total 17216K, used 16679K [0x0000000723600000, 0x00000007248a0000, 0x00000007382c0000)
  eden space 15360K,  99% used [0x0000000723600000, 0x00000007244ed2c8, 0x0000000724500000)
  from space 1856K,  75% used [0x00000007246d0000, 0x000000072482cc90, 0x00000007248a0000)
  to   space 1856K,   0% used [0x0000000724500000, 0x0000000724500000, 0x00000007246d0000)
 concurrent mark-sweep generation total 2184900K, used 1519173K [0x00000007382c0000, 0x00000007bd871000, 0x00000007c0000000)
 Metaspace       used 173465K, capacity 199419K, committed 199592K, reserved 1212416K
  class space    used 28670K, capacity 35768K, committed 35788K, reserved 1048576K
Event: 927.249 GC heap after
Heap after GC invocations=7148 (full 33):
 par new generation   total 17216K, used 1778K [0x0000000723600000, 0x00000007248a0000, 0x00000007382c0000)
  eden space 15360K,   0% used [0x0000000723600000, 0x0000000723600000, 0x0000000724500000)
  from space 1856K,  95% used [0x0000000724500000, 0x00000007246bcbc8, 0x00000007246d0000)
  to   space 1856K,   0% used [0x00000007246d0000, 0x00000007246d0000, 0x00000007248a0000)
 concurrent mark-sweep generation total 2184900K, used 1519223K [0x00000007382c0000, 0x00000007bd871000, 0x00000007c0000000)
 Metaspace       used 173465K, capacity 199419K, committed 199592K, reserved 1212416K
  class space    used 28670K, capacity 35768K, committed 35788K, reserved 1048576K
}
Event: 927.780 GC heap before
{Heap before GC invocations=7148 (full 33):
 par new generation   total 17216K, used 17138K [0x0000000723600000, 0x00000007248a0000, 0x00000007382c0000)
  eden space 15360K, 100% used [0x0000000723600000, 0x0000000724500000, 0x0000000724500000)
  from space 1856K,  95% used [0x0000000724500000, 0x00000007246bcbc8, 0x00000007246d0000)
  to   space 1856K,   0% used [0x00000007246d0000, 0x00000007246d0000, 0x00000007248a0000)
 concurrent mark-sweep generation total 2184900K, used 1519223K [0x00000007382c0000, 0x00000007bd871000, 0x00000007c0000000)
 Metaspace       used 173521K, capacity 199435K, committed 199592K, reserved 1212416K
  class space    used 28670K, capacity 35768K, committed 35788K, reserved 1048576K
Event: 927.836 GC heap after
Heap after GC invocations=7149 (full 33):
 par new generation   total 17216K, used 534K [0x0000000723600000, 0x00000007248a0000, 0x00000007382c0000)
  eden space 15360K,   0% used [0x0000000723600000, 0x0000000723600000, 0x0000000724500000)
  from space 1856K,  28% used [0x00000007246d0000, 0x0000000724755ac0, 0x00000007248a0000)
  to   space 1856K,   0% used [0x0000000724500000, 0x0000000724500000, 0x00000007246d0000)
 concurrent mark-sweep generation total 2184900K, used 1519434K [0x00000007382c0000, 0x00000007bd871000, 0x00000007c0000000)
 Metaspace       used 173521K, capacity 199435K, committed 199592K, reserved 1212416K
  class space    used 28670K, capacity 35768K, committed 35788K, reserved 1048576K
}

