# JRE version: Java(TM) SE Runtime Environment (8.0_51-b16) (build 1.8.0_51-b16)
# Java VM: Java HotSpot(TM) 64-Bit Server VM (25.51-b03 mixed mode windows-amd64 compressed oops)
Heap:
 par new generation   total 17216K, used 16101K [0x0000000723600000, 0x00000007248a0000, 0x00000007382c0000)
  eden space 15360K,  99% used [0x0000000723600000, 0x00000007244f2d98, 0x0000000724500000)
  from space 1856K,  42% used [0x00000007246d0000, 0x0000000724796738, 0x00000007248a0000)
  to   space 1856K,   0% used [0x0000000724500000, 0x0000000724500000, 0x00000007246d0000)
 concurrent mark-sweep generation total 1916988K, used 1385092K [0x00000007382c0000, 0x00000007ad2cf000, 0x00000007c0000000)
 Metaspace       used 159170K, capacity 182400K, committed 182656K, reserved 1200128K
  class space    used 25869K, capacity 32121K, committed 32128K, reserved 1048576K
GC Heap History (10 events):
Event: 653.433 GC heap before
{Heap before GC invocations=7032 (full 30):
 par new generation   total 17216K, used 15499K [0x0000000723600000, 0x00000007248a0000, 0x00000007382c0000)
  eden space 15360K, 100% used [0x0000000723600000, 0x0000000724500000, 0x0000000724500000)
  from space 1856K,   7% used [0x0000000724500000, 0x0000000724522ee8, 0x00000007246d0000)
  to   space 1856K,   0% used [0x00000007246d0000, 0x00000007246d0000, 0x00000007248a0000)
 concurrent mark-sweep generation total 1916988K, used 1385054K [0x00000007382c0000, 0x00000007ad2cf000, 0x00000007c0000000)
 Metaspace       used 158755K, capacity 181992K, committed 182144K, reserved 1200128K
  class space    used 25869K, capacity 32121K, committed 32128K, reserved 1048576K
Event: 653.440 GC heap after
Heap after GC invocations=7033 (full 30):
 par new generation   total 17216K, used 570K [0x0000000723600000, 0x00000007248a0000, 0x00000007382c0000)
  eden space 15360K,   0% used [0x0000000723600000, 0x0000000723600000, 0x0000000724500000)
  from space 1856K,  30% used [0x00000007246d0000, 0x000000072475e8f0, 0x00000007248a0000)
  to   space 1856K,   0% used [0x0000000724500000, 0x0000000724500000, 0x00000007246d0000)
 concurrent mark-sweep generation total 1916988K, used 1385054K [0x00000007382c0000, 0x00000007ad2cf000, 0x00000007c0000000)
 Metaspace       used 158755K, capacity 181992K, committed 182144K, reserved 1200128K
  class space    used 25869K, capacity 32121K, committed 32128K, reserved 1048576K
}
Event: 653.726 GC heap before
{Heap before GC invocations=7033 (full 30):
 par new generation   total 17216K, used 15930K [0x0000000723600000, 0x00000007248a0000, 0x00000007382c0000)
  eden space 15360K, 100% used [0x0000000723600000, 0x0000000724500000, 0x0000000724500000)
  from space 1856K,  30% used [0x00000007246d0000, 0x000000072475e8f0, 0x00000007248a0000)
  to   space 1856K,   0% used [0x0000000724500000, 0x0000000724500000, 0x00000007246d0000)
 concurrent mark-sweep generation total 1916988K, used 1385054K [0x00000007382c0000, 0x00000007ad2cf000, 0x00000007c0000000)
 Metaspace       used 158767K, capacity 181992K, committed 182144K, reserved 1200128K
  class space    used 25869K, capacity 32121K, committed 32128K, reserved 1048576K
Event: 653.733 GC heap after
Heap after GC invocations=7034 (full 30):
 par new generation   total 17216K, used 763K [0x0000000723600000, 0x00000007248a0000, 0x00000007382c0000)
  eden space 15360K,   0% used [0x0000000723600000, 0x0000000723600000, 0x0000000724500000)
  from space 1856K,  41% used [0x0000000724500000, 0x00000007245beec0, 0x00000007246d0000)
  to   space 1856K,   0% used [0x00000007246d0000, 0x00000007246d0000, 0x00000007248a0000)
 concurrent mark-sweep generation total 1916988K, used 1385054K [0x00000007382c0000, 0x00000007ad2cf000, 0x00000007c0000000)
 Metaspace       used 158767K, capacity 181992K, committed 182144K, reserved 1200128K
  class space    used 25869K, capacity 32121K, committed 32128K, reserved 1048576K
}
Event: 654.718 GC heap before
{Heap before GC invocations=7034 (full 30):
 par new generation   total 17216K, used 16123K [0x0000000723600000, 0x00000007248a0000, 0x00000007382c0000)
  eden space 15360K,  99% used [0x0000000723600000, 0x00000007244ffe38, 0x0000000724500000)
  from space 1856K,  41% used [0x0000000724500000, 0x00000007245beec0, 0x00000007246d0000)
  to   space 1856K,   0% used [0x00000007246d0000, 0x00000007246d0000, 0x00000007248a0000)
 concurrent mark-sweep generation total 1916988K, used 1385054K [0x00000007382c0000, 0x00000007ad2cf000, 0x00000007c0000000)
 Metaspace       used 158958K, capacity 182168K, committed 182400K, reserved 1200128K
  class space    used 25869K, capacity 32121K, committed 32128K, reserved 1048576K
Event: 654.725 GC heap after
Heap after GC invocations=7035 (full 30):
 par new generation   total 17216K, used 586K [0x0000000723600000, 0x00000007248a0000, 0x00000007382c0000)
  eden space 15360K,   0% used [0x0000000723600000, 0x0000000723600000, 0x0000000724500000)
  from space 1856K,  31% used [0x00000007246d0000, 0x0000000724762bf0, 0x00000007248a0000)
  to   space 1856K,   0% used [0x0000000724500000, 0x0000000724500000, 0x00000007246d0000)
 concurrent mark-sweep generation total 1916988K, used 1385054K [0x00000007382c0000, 0x00000007ad2cf000, 0x00000007c0000000)
 Metaspace       used 158958K, capacity 182168K, committed 182400K, reserved 1200128K
  class space    used 25869K, capacity 32121K, committed 32128K, reserved 1048576K
}
Event: 655.705 GC heap before
{Heap before GC invocations=7035 (full 30):
 par new generation   total 17216K, used 15946K [0x0000000723600000, 0x00000007248a0000, 0x00000007382c0000)
  eden space 15360K, 100% used [0x0000000723600000, 0x0000000724500000, 0x0000000724500000)
  from space 1856K,  31% used [0x00000007246d0000, 0x0000000724762bf0, 0x00000007248a0000)
  to   space 1856K,   0% used [0x0000000724500000, 0x0000000724500000, 0x00000007246d0000)
 concurrent mark-sweep generation total 1916988K, used 1385054K [0x00000007382c0000, 0x00000007ad2cf000, 0x00000007c0000000)
 Metaspace       used 159072K, capacity 182320K, committed 182400K, reserved 1200128K
  class space    used 25869K, capacity 32121K, committed 32128K, reserved 1048576K
Event: 655.712 GC heap after
Heap after GC invocations=7036 (full 30):
 par new generation   total 17216K, used 289K [0x0000000723600000, 0x00000007248a0000, 0x00000007382c0000)
  eden space 15360K,   0% used [0x0000000723600000, 0x0000000723600000, 0x0000000724500000)
  from space 1856K,  15% used [0x0000000724500000, 0x0000000724548478, 0x00000007246d0000)
  to   space 1856K,   0% used [0x00000007246d0000, 0x00000007246d0000, 0x00000007248a0000)
 concurrent mark-sweep generation total 1916988K, used 1385054K [0x00000007382c0000, 0x00000007ad2cf000, 0x00000007c0000000)
 Metaspace       used 159072K, capacity 182320K, committed 182400K, reserved 1200128K
  class space    used 25869K, capacity 32121K, committed 32128K, reserved 1048576K
}
Event: 656.204 GC heap before
{Heap before GC invocations=7036 (full 30):
 par new generation   total 17216K, used 15649K [0x0000000723600000, 0x00000007248a0000, 0x00000007382c0000)
  eden space 15360K, 100% used [0x0000000723600000, 0x0000000724500000, 0x0000000724500000)
  from space 1856K,  15% used [0x0000000724500000, 0x0000000724548478, 0x00000007246d0000)
  to   space 1856K,   0% used [0x00000007246d0000, 0x00000007246d0000, 0x00000007248a0000)
 concurrent mark-sweep generation total 1916988K, used 1385054K [0x00000007382c0000, 0x00000007ad2cf000, 0x00000007c0000000)
 Metaspace       used 159160K, capacity 182400K, committed 182656K, reserved 1200128K
  class space    used 25869K, capacity 32121K, committed 32128K, reserved 1048576K
Event: 656.212 GC heap after
Heap after GC invocations=7037 (full 30):
 par new generation   total 17216K, used 793K [0x0000000723600000, 0x00000007248a0000, 0x00000007382c0000)
  eden space 15360K,   0% used [0x0000000723600000, 0x0000000723600000, 0x0000000724500000)
  from space 1856K,  42% used [0x00000007246d0000, 0x0000000724796738, 0x00000007248a0000)
  to   space 1856K,   0% used [0x0000000724500000, 0x0000000724500000, 0x00000007246d0000)
 concurrent mark-sweep generation total 1916988K, used 1385092K [0x00000007382c0000, 0x00000007ad2cf000, 0x00000007c0000000)
 Metaspace       used 159160K, capacity 182400K, committed 182656K, reserved 1200128K
  class space    used 25869K, capacity 32121K, committed 32128K, reserved 1048576K
}

